# JRE version: OpenJDK Runtime Environment (8.0_242-b01) (build 1.8.0_242-release-1644-b01)
# Java VM: OpenJDK 64-Bit Server VM (25.242-b01 mixed mode windows-amd64 compressed oops)
Heap:
 PSYoungGen      total 381440K, used 70708K [0x00000000d5580000, 0x00000000ef500000, 0x0000000100000000)
  eden space 340992K, 18% used [0x00000000d5580000,0x00000000d93a06b0,0x00000000ea280000)
  from space 40448K, 17% used [0x00000000ec980000,0x00000000ed06cbe8,0x00000000ef100000)
  to   space 39936K, 0% used [0x00000000ea280000,0x00000000ea280000,0x00000000ec980000)
 ParOldGen       total 154624K, used 89099K [0x0000000080000000, 0x0000000089700000, 0x00000000d5580000)
  object space 154624K, 57% used [0x0000000080000000,0x0000000085702f20,0x0000000089700000)
 Metaspace       used 127389K, capacity 134942K, committed 135168K, reserved 1167360K
  class space    used 16108K, capacity 17558K, committed 17664K, reserved 1048576K
GC Heap History (10 events):
Event: 910.650 GC heap before
{Heap before GC invocations=34 (full 4):
 PSYoungGen      total 249344K, used 203264K [0x00000000d5580000, 0x00000000e9f80000, 0x0000000100000000)
  eden space 203264K, 100% used [0x00000000d5580000,0x00000000e1c00000,0x00000000e1c00000)
  from space 46080K, 0% used [0x00000000e1c00000,0x00000000e1c00000,0x00000000e4900000)
  to   space 45056K, 0% used [0x00000000e7380000,0x00000000e7380000,0x00000000e9f80000)
 ParOldGen       total 154624K, used 57521K [0x0000000080000000, 0x0000000089700000, 0x00000000d5580000)
  object space 154624K, 37% used [0x0000000080000000,0x000000008382c6b8,0x0000000089700000)
 Metaspace       used 95046K, capacity 100380K, committed 100864K, reserved 1136640K
  class space    used 12167K, capacity 13221K, committed 13312K, reserved 1048576K
Event: 910.756 GC heap after
Heap after GC invocations=34 (full 4):
 PSYoungGen      total 285696K, used 12030K [0x00000000d5580000, 0x00000000e9a00000, 0x0000000100000000)
  eden space 246272K, 0% used [0x00000000d5580000,0x00000000d5580000,0x00000000e4600000)
  from space 39424K, 30% used [0x00000000e7380000,0x00000000e7f3fa20,0x00000000e9a00000)
  to   space 43008K, 0% used [0x00000000e4600000,0x00000000e4600000,0x00000000e7000000)
 ParOldGen       total 154624K, used 57529K [0x0000000080000000, 0x0000000089700000, 0x00000000d5580000)
  object space 154624K, 37% used [0x0000000080000000,0x000000008382e6b8,0x0000000089700000)
 Metaspace       used 95046K, capacity 100380K, committed 100864K, reserved 1136640K
  class space    used 12167K, capacity 13221K, committed 13312K, reserved 1048576K
}
Event: 1252.346 GC heap before
{Heap before GC invocations=35 (full 4):
 PSYoungGen      total 285696K, used 258302K [0x00000000d5580000, 0x00000000e9a00000, 0x0000000100000000)
  eden space 246272K, 100% used [0x00000000d5580000,0x00000000e4600000,0x00000000e4600000)
  from space 39424K, 30% used [0x00000000e7380000,0x00000000e7f3fa20,0x00000000e9a00000)
  to   space 43008K, 0% used [0x00000000e4600000,0x00000000e4600000,0x00000000e7000000)
 ParOldGen       total 154624K, used 57529K [0x0000000080000000, 0x0000000089700000, 0x00000000d5580000)
  object space 154624K, 37% used [0x0000000080000000,0x000000008382e6b8,0x0000000089700000)
 Metaspace       used 101015K, capacity 106826K, committed 107008K, reserved 1142784K
  class space    used 12800K, capacity 13959K, committed 14080K, reserved 1048576K
Event: 1252.664 GC heap after
Heap after GC invocations=35 (full 4):
 PSYoungGen      total 289280K, used 8609K [0x00000000d5580000, 0x00000000ec680000, 0x0000000100000000)
  eden space 246272K, 0% used [0x00000000d5580000,0x00000000d5580000,0x00000000e4600000)
  from space 43008K, 20% used [0x00000000e4600000,0x00000000e4e684e8,0x00000000e7000000)
  to   space 41984K, 0% used [0x00000000e9d80000,0x00000000e9d80000,0x00000000ec680000)
 ParOldGen       total 154624K, used 61741K [0x0000000080000000, 0x0000000089700000, 0x00000000d5580000)
  object space 154624K, 39% used [0x0000000080000000,0x0000000083c4b698,0x0000000089700000)
 Metaspace       used 101015K, capacity 106826K, committed 107008K, reserved 1142784K
  class space    used 12800K, capacity 13959K, committed 14080K, reserved 1048576K
}
Event: 1258.433 GC heap before
{Heap before GC invocations=36 (full 4):
 PSYoungGen      total 289280K, used 254881K [0x00000000d5580000, 0x00000000ec680000, 0x0000000100000000)
  eden space 246272K, 100% used [0x00000000d5580000,0x00000000e4600000,0x00000000e4600000)
  from space 43008K, 20% used [0x00000000e4600000,0x00000000e4e684e8,0x00000000e7000000)
  to   space 41984K, 0% used [0x00000000e9d80000,0x00000000e9d80000,0x00000000ec680000)
 ParOldGen       total 154624K, used 61741K [0x0000000080000000, 0x0000000089700000, 0x00000000d5580000)
  object space 154624K, 39% used [0x0000000080000000,0x0000000083c4b698,0x0000000089700000)
 Metaspace       used 115043K, capacity 121702K, committed 121856K, reserved 1155072K
  class space    used 14715K, capacity 16057K, committed 16128K, reserved 1048576K
Event: 1258.664 GC heap after
Heap after GC invocations=36 (full 4):
 PSYoungGen      total 334848K, used 25334K [0x00000000d5580000, 0x00000000ecd80000, 0x0000000100000000)
  eden space 292864K, 0% used [0x00000000d5580000,0x00000000d5580000,0x00000000e7380000)
  from space 41984K, 60% used [0x00000000e9d80000,0x00000000eb63d868,0x00000000ec680000)
  to   space 43008K, 0% used [0x00000000e7380000,0x00000000e7380000,0x00000000e9d80000)
 ParOldGen       total 154624K, used 67143K [0x0000000080000000, 0x0000000089700000, 0x00000000d5580000)
  object space 154624K, 43% used [0x0000000080000000,0x0000000084191f90,0x0000000089700000)
 Metaspace       used 115043K, capacity 121702K, committed 121856K, reserved 1155072K
  class space    used 14715K, capacity 16057K, committed 16128K, reserved 1048576K
}
Event: 1315.221 GC heap before
{Heap before GC invocations=37 (full 4):
 PSYoungGen      total 334848K, used 318198K [0x00000000d5580000, 0x00000000ecd80000, 0x0000000100000000)
  eden space 292864K, 100% used [0x00000000d5580000,0x00000000e7380000,0x00000000e7380000)
  from space 41984K, 60% used [0x00000000e9d80000,0x00000000eb63d868,0x00000000ec680000)
  to   space 43008K, 0% used [0x00000000e7380000,0x00000000e7380000,0x00000000e9d80000)
 ParOldGen       total 154624K, used 67143K [0x0000000080000000, 0x0000000089700000, 0x00000000d5580000)
  object space 154624K, 43% used [0x0000000080000000,0x0000000084191f90,0x0000000089700000)
 Metaspace       used 121311K, capacity 128712K, committed 128768K, reserved 1161216K
  class space    used 15406K, capacity 16844K, committed 16896K, reserved 1048576K
Event: 1315.282 GC heap after
Heap after GC invocations=37 (full 4):
 PSYoungGen      total 335872K, used 15142K [0x00000000d5580000, 0x00000000ef100000, 0x0000000100000000)
  eden space 292864K, 0% used [0x00000000d5580000,0x00000000d5580000,0x00000000e7380000)
  from space 43008K, 35% used [0x00000000e7380000,0x00000000e8249a20,0x00000000e9d80000)
  to   space 40448K, 0% used [0x00000000ec980000,0x00000000ec980000,0x00000000ef100000)
 ParOldGen       total 154624K, used 78290K [0x0000000080000000, 0x0000000089700000, 0x00000000d5580000)
  object space 154624K, 50% used [0x0000000080000000,0x0000000084c74b28,0x0000000089700000)
 Metaspace       used 121311K, capacity 128712K, committed 128768K, reserved 1161216K
  class space    used 15406K, capacity 16844K, committed 16896K, reserved 1048576K
}
Event: 1318.298 GC heap before
{Heap before GC invocations=38 (full 4):
 PSYoungGen      total 335872K, used 308006K [0x00000000d5580000, 0x00000000ef100000, 0x0000000100000000)
  eden space 292864K, 100% used [0x00000000d5580000,0x00000000e7380000,0x00000000e7380000)
  from space 43008K, 35% used [0x00000000e7380000,0x00000000e8249a20,0x00000000e9d80000)
  to   space 40448K, 0% used [0x00000000ec980000,0x00000000ec980000,0x00000000ef100000)
 ParOldGen       total 154624K, used 78290K [0x0000000080000000, 0x0000000089700000, 0x00000000d5580000)
  object space 154624K, 50% used [0x0000000080000000,0x0000000084c74b88,0x0000000089700000)
 Metaspace       used 127374K, capacity 134942K, committed 135168K, reserved 1167360K
  class space    used 16108K, capacity 17558K, committed 17664K, reserved 1048576K
Event: 1318.424 GC heap after
Heap after GC invocations=38 (full 4):
 PSYoungGen      total 381440K, used 7090K [0x00000000d5580000, 0x00000000ef500000, 0x0000000100000000)
  eden space 340992K, 0% used [0x00000000d5580000,0x00000000d5580000,0x00000000ea280000)
  from space 40448K, 17% used [0x00000000ec980000,0x00000000ed06cbe8,0x00000000ef100000)
  to   space 39936K, 0% used [0x00000000ea280000,0x00000000ea280000,0x00000000ec980000)
 ParOldGen       total 154624K, used 89099K [0x0000000080000000, 0x0000000089700000, 0x00000000d5580000)
  object space 154624K, 57% used [0x0000000080000000,0x0000000085702f20,0x0000000089700000)
 Metaspace       used 127374K, capacity 134942K, committed 135168K, reserved 1167360K
  class space    used 16108K, capacity 17558K, committed 17664K, reserved 1048576K
}

