# JRE version: OpenJDK Runtime Environment (8.0_242-b01) (build 1.8.0_242-release-1644-b01)
# Java VM: OpenJDK 64-Bit Server VM (25.242-b01 mixed mode windows-amd64 compressed oops)
Heap:
 PSYoungGen      total 88064K, used 27077K [0x00000000d5580000, 0x00000000dbc00000, 0x0000000100000000)
  eden space 77824K, 21% used [0x00000000d5580000,0x00000000d65f2c90,0x00000000da180000)
  from space 10240K, 99% used [0x00000000da800000,0x00000000db1feb08,0x00000000db200000)
  to   space 5120K, 0% used [0x00000000db700000,0x00000000db700000,0x00000000dbc00000)
 ParOldGen       total 50688K, used 18179K [0x0000000080000000, 0x0000000083180000, 0x00000000d5580000)
  object space 50688K, 35% used [0x0000000080000000,0x00000000811c0fa0,0x0000000083180000)
 Metaspace       used 46868K, capacity 48878K, committed 49064K, reserved 1091584K
  class space    used 6320K, capacity 6758K, committed 6824K, reserved 1048576K
GC Heap History (10 events):
Event: 7.303 GC heap before
{Heap before GC invocations=11 (full 1):
 PSYoungGen      total 57856K, used 56347K [0x00000000d5580000, 0x00000000da700000, 0x0000000100000000)
  eden space 48640K, 100% used [0x00000000d5580000,0x00000000d8500000,0x00000000d8500000)
  from space 9216K, 83% used [0x00000000d8500000,0x00000000d8c86e18,0x00000000d8e00000)
  to   space 9728K, 0% used [0x00000000d9d80000,0x00000000d9d80000,0x00000000da700000)
 ParOldGen       total 50688K, used 8673K [0x0000000080000000, 0x0000000083180000, 0x00000000d5580000)
  object space 50688K, 17% used [0x0000000080000000,0x0000000080878538,0x0000000083180000)
 Metaspace       used 32271K, capacity 33474K, committed 33664K, reserved 1079296K
  class space    used 4370K, capacity 4681K, committed 4736K, reserved 1048576K
Event: 7.313 GC heap after
Heap after GC invocations=11 (full 1):
 PSYoungGen      total 72704K, used 8329K [0x00000000d5580000, 0x00000000dad00000, 0x0000000100000000)
  eden space 62976K, 0% used [0x00000000d5580000,0x00000000d5580000,0x00000000d9300000)
  from space 9728K, 85% used [0x00000000d9d80000,0x00000000da5a2690,0x00000000da700000)
  to   space 10752K, 0% used [0x00000000d9300000,0x00000000d9300000,0x00000000d9d80000)
 ParOldGen       total 50688K, used 9356K [0x0000000080000000, 0x0000000083180000, 0x00000000d5580000)
  object space 50688K, 18% used [0x0000000080000000,0x0000000080923288,0x0000000083180000)
 Metaspace       used 32271K, capacity 33474K, committed 33664K, reserved 1079296K
  class space    used 4370K, capacity 4681K, committed 4736K, reserved 1048576K
}
Event: 7.843 GC heap before
{Heap before GC invocations=12 (full 1):
 PSYoungGen      total 72704K, used 51428K [0x00000000d5580000, 0x00000000dad00000, 0x0000000100000000)
  eden space 62976K, 68% used [0x00000000d5580000,0x00000000d7f96d58,0x00000000d9300000)
  from space 9728K, 85% used [0x00000000d9d80000,0x00000000da5a2690,0x00000000da700000)
  to   space 10752K, 0% used [0x00000000d9300000,0x00000000d9300000,0x00000000d9d80000)
 ParOldGen       total 50688K, used 9356K [0x0000000080000000, 0x0000000083180000, 0x00000000d5580000)
  object space 50688K, 18% used [0x0000000080000000,0x0000000080923288,0x0000000083180000)
 Metaspace       used 34190K, capacity 35454K, committed 35496K, reserved 1079296K
  class space    used 4687K, capacity 5004K, committed 5032K, reserved 1048576K
Event: 7.852 GC heap after
Heap after GC invocations=12 (full 1):
 PSYoungGen      total 73728K, used 3547K [0x00000000d5580000, 0x00000000dc180000, 0x0000000100000000)
  eden space 62976K, 0% used [0x00000000d5580000,0x00000000d5580000,0x00000000d9300000)
  from space 10752K, 32% used [0x00000000d9300000,0x00000000d9676f00,0x00000000d9d80000)
  to   space 10752K, 0% used [0x00000000db700000,0x00000000db700000,0x00000000dc180000)
 ParOldGen       total 50688K, used 15501K [0x0000000080000000, 0x0000000083180000, 0x00000000d5580000)
  object space 50688K, 30% used [0x0000000080000000,0x0000000080f235c0,0x0000000083180000)
 Metaspace       used 34190K, capacity 35454K, committed 35496K, reserved 1079296K
  class space    used 4687K, capacity 5004K, committed 5032K, reserved 1048576K
}
Event: 7.852 GC heap before
{Heap before GC invocations=13 (full 2):
 PSYoungGen      total 73728K, used 3547K [0x00000000d5580000, 0x00000000dc180000, 0x0000000100000000)
  eden space 62976K, 0% used [0x00000000d5580000,0x00000000d5580000,0x00000000d9300000)
  from space 10752K, 32% used [0x00000000d9300000,0x00000000d9676f00,0x00000000d9d80000)
  to   space 10752K, 0% used [0x00000000db700000,0x00000000db700000,0x00000000dc180000)
 ParOldGen       total 50688K, used 15501K [0x0000000080000000, 0x0000000083180000, 0x00000000d5580000)
  object space 50688K, 30% used [0x0000000080000000,0x0000000080f235c0,0x0000000083180000)
 Metaspace       used 34190K, capacity 35454K, committed 35496K, reserved 1079296K
  class space    used 4687K, capacity 5004K, committed 5032K, reserved 1048576K
Event: 7.921 GC heap after
Heap after GC invocations=13 (full 2):
 PSYoungGen      total 73728K, used 0K [0x00000000d5580000, 0x00000000dc180000, 0x0000000100000000)
  eden space 62976K, 0% used [0x00000000d5580000,0x00000000d5580000,0x00000000d9300000)
  from space 10752K, 0% used [0x00000000d9300000,0x00000000d9300000,0x00000000d9d80000)
  to   space 10752K, 0% used [0x00000000db700000,0x00000000db700000,0x00000000dc180000)
 ParOldGen       total 50688K, used 16939K [0x0000000080000000, 0x0000000083180000, 0x00000000d5580000)
  object space 50688K, 33% used [0x0000000080000000,0x000000008108aed8,0x0000000083180000)
 Metaspace       used 34190K, capacity 35454K, committed 35496K, reserved 1079296K
  class space    used 4687K, capacity 5004K, committed 5032K, reserved 1048576K
}
Event: 8.872 GC heap before
{Heap before GC invocations=14 (full 2):
 PSYoungGen      total 73728K, used 62976K [0x00000000d5580000, 0x00000000dc180000, 0x0000000100000000)
  eden space 62976K, 100% used [0x00000000d5580000,0x00000000d9300000,0x00000000d9300000)
  from space 10752K, 0% used [0x00000000d9300000,0x00000000d9300000,0x00000000d9d80000)
  to   space 10752K, 0% used [0x00000000db700000,0x00000000db700000,0x00000000dc180000)
 ParOldGen       total 50688K, used 16939K [0x0000000080000000, 0x0000000083180000, 0x00000000d5580000)
  object space 50688K, 33% used [0x0000000080000000,0x000000008108aed8,0x0000000083180000)
 Metaspace       used 38519K, capacity 40272K, committed 40488K, reserved 1083392K
  class space    used 5237K, capacity 5621K, committed 5672K, reserved 1048576K
Event: 8.878 GC heap after
Heap after GC invocations=14 (full 2):
 PSYoungGen      total 82944K, used 5081K [0x00000000d5580000, 0x00000000dbc00000, 0x0000000100000000)
  eden space 77824K, 0% used [0x00000000d5580000,0x00000000d5580000,0x00000000da180000)
  from space 5120K, 99% used [0x00000000db700000,0x00000000dbbf6510,0x00000000dbc00000)
  to   space 10240K, 0% used [0x00000000da800000,0x00000000da800000,0x00000000db200000)
 ParOldGen       total 50688K, used 17011K [0x0000000080000000, 0x0000000083180000, 0x00000000d5580000)
  object space 50688K, 33% used [0x0000000080000000,0x000000008109cee8,0x0000000083180000)
 Metaspace       used 38519K, capacity 40272K, committed 40488K, reserved 1083392K
  class space    used 5237K, capacity 5621K, committed 5672K, reserved 1048576K
}
Event: 10.147 GC heap before
{Heap before GC invocations=15 (full 2):
 PSYoungGen      total 82944K, used 82905K [0x00000000d5580000, 0x00000000dbc00000, 0x0000000100000000)
  eden space 77824K, 100% used [0x00000000d5580000,0x00000000da180000,0x00000000da180000)
  from space 5120K, 99% used [0x00000000db700000,0x00000000dbbf6510,0x00000000dbc00000)
  to   space 10240K, 0% used [0x00000000da800000,0x00000000da800000,0x00000000db200000)
 ParOldGen       total 50688K, used 17011K [0x0000000080000000, 0x0000000083180000, 0x00000000d5580000)
  object space 50688K, 33% used [0x0000000080000000,0x000000008109cee8,0x0000000083180000)
 Metaspace       used 46187K, capacity 48238K, committed 48424K, reserved 1091584K
  class space    used 6225K, capacity 6694K, committed 6696K, reserved 1048576K
Event: 10.160 GC heap after
Heap after GC invocations=15 (full 2):
 PSYoungGen      total 88064K, used 10234K [0x00000000d5580000, 0x00000000dbc00000, 0x0000000100000000)
  eden space 77824K, 0% used [0x00000000d5580000,0x00000000d5580000,0x00000000da180000)
  from space 10240K, 99% used [0x00000000da800000,0x00000000db1feb08,0x00000000db200000)
  to   space 5120K, 0% used [0x00000000db700000,0x00000000db700000,0x00000000dbc00000)
 ParOldGen       total 50688K, used 18179K [0x0000000080000000, 0x0000000083180000, 0x00000000d5580000)
  object space 50688K, 35% used [0x0000000080000000,0x00000000811c0fa0,0x0000000083180000)
 Metaspace       used 46187K, capacity 48238K, committed 48424K, reserved 1091584K
  class space    used 6225K, capacity 6694K, committed 6696K, reserved 1048576K
}

