# JRE version: OpenJDK Runtime Environment (8.0_242-b01) (build 1.8.0_242-release-1644-b01)
# Java VM: OpenJDK 64-Bit Server VM (25.242-b01 mixed mode windows-amd64 compressed oops)
Heap:
 PSYoungGen      total 377856K, used 311264K [0x00000000d5580000, 0x00000000efe00000, 0x0000000100000000)
  eden space 332800K, 88% used [0x00000000d5580000,0x00000000e76867d0,0x00000000e9a80000)
  from space 45056K, 33% used [0x00000000e9a80000,0x00000000ea9719e8,0x00000000ec680000)
  to   space 43008K, 0% used [0x00000000ec680000,0x00000000ec680000,0x00000000ef080000)
 ParOldGen       total 205312K, used 129255K [0x0000000080000000, 0x000000008c880000, 0x00000000d5580000)
  object space 205312K, 62% used [0x0000000080000000,0x0000000087e39cf0,0x000000008c880000)
 Metaspace       used 84416K, capacity 88756K, committed 90968K, reserved 1128448K
  class space    used 11017K, capacity 11864K, committed 12416K, reserved 1048576K
GC Heap History (10 events):
Event: 25.281 GC heap before
{Heap before GC invocations=25 (full 4):
 PSYoungGen      total 375808K, used 332800K [0x00000000d5580000, 0x00000000efe00000, 0x0000000100000000)
  eden space 332800K, 100% used [0x00000000d5580000,0x00000000e9a80000,0x00000000e9a80000)
  from space 43008K, 0% used [0x00000000ec680000,0x00000000ec680000,0x00000000ef080000)
  to   space 45056K, 0% used [0x00000000e9a80000,0x00000000e9a80000,0x00000000ec680000)
 ParOldGen       total 205312K, used 94939K [0x0000000080000000, 0x000000008c880000, 0x00000000d5580000)
  object space 205312K, 46% used [0x0000000080000000,0x0000000085cb6d90,0x000000008c880000)
 Metaspace       used 84182K, capacity 88530K, committed 90968K, reserved 1128448K
  class space    used 11016K, capacity 11863K, committed 12416K, reserved 1048576K
Event: 25.298 GC heap after
Heap after GC invocations=25 (full 4):
 PSYoungGen      total 377856K, used 14796K [0x00000000d5580000, 0x00000000efe00000, 0x0000000100000000)
  eden space 332800K, 0% used [0x00000000d5580000,0x00000000d5580000,0x00000000e9a80000)
  from space 45056K, 32% used [0x00000000e9a80000,0x00000000ea8f3270,0x00000000ec680000)
  to   space 43008K, 0% used [0x00000000ec680000,0x00000000ec680000,0x00000000ef080000)
 ParOldGen       total 205312K, used 94947K [0x0000000080000000, 0x000000008c880000, 0x00000000d5580000)
  object space 205312K, 46% used [0x0000000080000000,0x0000000085cb8d90,0x000000008c880000)
 Metaspace       used 84182K, capacity 88530K, committed 90968K, reserved 1128448K
  class space    used 11016K, capacity 11863K, committed 12416K, reserved 1048576K
}
Event: 25.841 GC heap before
{Heap before GC invocations=26 (full 4):
 PSYoungGen      total 377856K, used 347596K [0x00000000d5580000, 0x00000000efe00000, 0x0000000100000000)
  eden space 332800K, 100% used [0x00000000d5580000,0x00000000e9a80000,0x00000000e9a80000)
  from space 45056K, 32% used [0x00000000e9a80000,0x00000000ea8f3270,0x00000000ec680000)
  to   space 43008K, 0% used [0x00000000ec680000,0x00000000ec680000,0x00000000ef080000)
 ParOldGen       total 205312K, used 94949K [0x0000000080000000, 0x000000008c880000, 0x00000000d5580000)
  object space 205312K, 46% used [0x0000000080000000,0x0000000085cb9548,0x000000008c880000)
 Metaspace       used 84273K, capacity 88674K, committed 90968K, reserved 1128448K
  class space    used 11016K, capacity 11863K, committed 12416K, reserved 1048576K
Event: 25.866 GC heap after
Heap after GC invocations=26 (full 4):
 PSYoungGen      total 375808K, used 10709K [0x00000000d5580000, 0x00000000efe00000, 0x0000000100000000)
  eden space 332800K, 0% used [0x00000000d5580000,0x00000000d5580000,0x00000000e9a80000)
  from space 43008K, 24% used [0x00000000ec680000,0x00000000ed0f5478,0x00000000ef080000)
  to   space 45056K, 0% used [0x00000000e9a80000,0x00000000e9a80000,0x00000000ec680000)
 ParOldGen       total 205312K, used 106578K [0x0000000080000000, 0x000000008c880000, 0x00000000d5580000)
  object space 205312K, 51% used [0x0000000080000000,0x0000000086814a78,0x000000008c880000)
 Metaspace       used 84273K, capacity 88674K, committed 90968K, reserved 1128448K
  class space    used 11016K, capacity 11863K, committed 12416K, reserved 1048576K
}
Event: 26.381 GC heap before
{Heap before GC invocations=27 (full 4):
 PSYoungGen      total 375808K, used 343509K [0x00000000d5580000, 0x00000000efe00000, 0x0000000100000000)
  eden space 332800K, 100% used [0x00000000d5580000,0x00000000e9a80000,0x00000000e9a80000)
  from space 43008K, 24% used [0x00000000ec680000,0x00000000ed0f5478,0x00000000ef080000)
  to   space 45056K, 0% used [0x00000000e9a80000,0x00000000e9a80000,0x00000000ec680000)
 ParOldGen       total 205312K, used 107081K [0x0000000080000000, 0x000000008c880000, 0x00000000d5580000)
  object space 205312K, 52% used [0x0000000080000000,0x0000000086892590,0x000000008c880000)
 Metaspace       used 84329K, capacity 88678K, committed 90968K, reserved 1128448K
  class space    used 11016K, capacity 11863K, committed 12416K, reserved 1048576K
Event: 26.400 GC heap after
Heap after GC invocations=27 (full 4):
 PSYoungGen      total 377856K, used 11608K [0x00000000d5580000, 0x00000000efe00000, 0x0000000100000000)
  eden space 332800K, 0% used [0x00000000d5580000,0x00000000d5580000,0x00000000e9a80000)
  from space 45056K, 25% used [0x00000000e9a80000,0x00000000ea5d62d0,0x00000000ec680000)
  to   space 43008K, 0% used [0x00000000ec680000,0x00000000ec680000,0x00000000ef080000)
 ParOldGen       total 205312K, used 113540K [0x0000000080000000, 0x000000008c880000, 0x00000000d5580000)
  object space 205312K, 55% used [0x0000000080000000,0x0000000086ee1270,0x000000008c880000)
 Metaspace       used 84329K, capacity 88678K, committed 90968K, reserved 1128448K
  class space    used 11016K, capacity 11863K, committed 12416K, reserved 1048576K
}
Event: 26.901 GC heap before
{Heap before GC invocations=28 (full 4):
 PSYoungGen      total 377856K, used 344408K [0x00000000d5580000, 0x00000000efe00000, 0x0000000100000000)
  eden space 332800K, 100% used [0x00000000d5580000,0x00000000e9a80000,0x00000000e9a80000)
  from space 45056K, 25% used [0x00000000e9a80000,0x00000000ea5d62d0,0x00000000ec680000)
  to   space 43008K, 0% used [0x00000000ec680000,0x00000000ec680000,0x00000000ef080000)
 ParOldGen       total 205312K, used 114867K [0x0000000080000000, 0x000000008c880000, 0x00000000d5580000)
  object space 205312K, 55% used [0x0000000080000000,0x000000008702cf98,0x000000008c880000)
 Metaspace       used 84377K, capacity 88756K, committed 90968K, reserved 1128448K
  class space    used 11017K, capacity 11864K, committed 12416K, reserved 1048576K
Event: 26.919 GC heap after
Heap after GC invocations=28 (full 4):
 PSYoungGen      total 375808K, used 9419K [0x00000000d5580000, 0x00000000efe00000, 0x0000000100000000)
  eden space 332800K, 0% used [0x00000000d5580000,0x00000000d5580000,0x00000000e9a80000)
  from space 43008K, 21% used [0x00000000ec680000,0x00000000ecfb2e98,0x00000000ef080000)
  to   space 45056K, 0% used [0x00000000e9a80000,0x00000000e9a80000,0x00000000ec680000)
 ParOldGen       total 205312K, used 122799K [0x0000000080000000, 0x000000008c880000, 0x00000000d5580000)
  object space 205312K, 59% used [0x0000000080000000,0x00000000877ebff0,0x000000008c880000)
 Metaspace       used 84377K, capacity 88756K, committed 90968K, reserved 1128448K
  class space    used 11017K, capacity 11864K, committed 12416K, reserved 1048576K
}
Event: 27.403 GC heap before
{Heap before GC invocations=29 (full 4):
 PSYoungGen      total 375808K, used 342219K [0x00000000d5580000, 0x00000000efe00000, 0x0000000100000000)
  eden space 332800K, 100% used [0x00000000d5580000,0x00000000e9a80000,0x00000000e9a80000)
  from space 43008K, 21% used [0x00000000ec680000,0x00000000ecfb2e98,0x00000000ef080000)
  to   space 45056K, 0% used [0x00000000e9a80000,0x00000000e9a80000,0x00000000ec680000)
 ParOldGen       total 205312K, used 122802K [0x0000000080000000, 0x000000008c880000, 0x00000000d5580000)
  object space 205312K, 59% used [0x0000000080000000,0x00000000877ec838,0x000000008c880000)
 Metaspace       used 84398K, capacity 88756K, committed 90968K, reserved 1128448K
  class space    used 11017K, capacity 11864K, committed 12416K, reserved 1048576K
Event: 27.428 GC heap after
Heap after GC invocations=29 (full 4):
 PSYoungGen      total 377856K, used 15302K [0x00000000d5580000, 0x00000000efe00000, 0x0000000100000000)
  eden space 332800K, 0% used [0x00000000d5580000,0x00000000d5580000,0x00000000e9a80000)
  from space 45056K, 33% used [0x00000000e9a80000,0x00000000ea9719e8,0x00000000ec680000)
  to   space 43008K, 0% used [0x00000000ec680000,0x00000000ec680000,0x00000000ef080000)
 ParOldGen       total 205312K, used 129255K [0x0000000080000000, 0x000000008c880000, 0x00000000d5580000)
  object space 205312K, 62% used [0x0000000080000000,0x0000000087e39cf0,0x000000008c880000)
 Metaspace       used 84398K, capacity 88756K, committed 90968K, reserved 1128448K
  class space    used 11017K, capacity 11864K, committed 12416K, reserved 1048576K
}

